> Task :buildSrc:compileJava NO-SOURCE
> Task :buildSrc:compileGroovy UP-TO-DATE
> Task :buildSrc:processResources UP-TO-DATE
> Task :buildSrc:classes UP-TO-DATE
> Task :buildSrc:jar UP-TO-DATE

> Configure project :
Invalid Java installation found at '/Library/Java/JavaVirtualMachines/amazon-corretto-8.jdk/Contents/Home' (Java home). It will be re-checked in the next build. This might have performance impact if it keeps failing. Run the 'javaToolchains' task for more details.
=======================================
OpenSearch Build Hamster says Hello!
  Gradle Version        : 9.4.1
  OS Info               : Mac OS X 26.4.1 (aarch64)
  JDK Version           : 21 (Amazon Corretto JDK 21 (21.0.11+10-LTS))
  JAVA_HOME             : /Library/Java/JavaVirtualMachines/amazon-corretto-21.jdk/Contents/Home
  Random Testing Seed   : 2DD9975CC9ADB19
  Crypto Standard       : FIPS-140-3
=======================================

> Task :common:generateEffectiveLombokConfig UP-TO-DATE
> Task :core:generateEffectiveLombokConfig UP-TO-DATE
> Task :core:generateTestFixturesEffectiveLombokConfig UP-TO-DATE
> Task :core:generateTestEffectiveLombokConfig UP-TO-DATE
> Task :core:processResources NO-SOURCE
> Task :core:processTestFixturesResources NO-SOURCE
> Task :core:processTestResources NO-SOURCE
> Task :common:compileJava UP-TO-DATE
> Task :common:processResources UP-TO-DATE
> Task :common:classes UP-TO-DATE
> Task :common:jar UP-TO-DATE
> Task :core:compileJava UP-TO-DATE
> Task :core:compileTestFixturesJava UP-TO-DATE
> Task :core:compileTestJava UP-TO-DATE
> Task :core:classes UP-TO-DATE
> Task :core:jar UP-TO-DATE
> Task :core:testFixturesClasses UP-TO-DATE
> Task :core:testFixturesJar UP-TO-DATE
> Task :core:testClasses UP-TO-DATE
OpenJDK 64-Bit Server VM warning: Sharing is only supported for boot loader classes because bootstrap classpath has been appended
OpenJDK 64-Bit Server VM warning: Sharing is only supported for boot loader classes because bootstrap classpath has been appended
> Task :core:test
> Task :core:jacocoTestReport

[Incubating] Problems report is available at: file:///Users/daichen/Temp/my-sql-repo-cc/build/reports/problems/problems-report.html

Deprecated Gradle features were used in this build, making it incompatible with Gradle 10.

You can use '--warning-mode all' to show the individual deprecation warnings and determine if they come from your own scripts or plugins.

For more on this, please refer to https://docs.gradle.org/9.4.1/userguide/command_line_interface.html#sec:command_line_warnings in the Gradle documentation.

BUILD SUCCESSFUL in 7s
17 actionable tasks: 2 executed, 15 up-to-date
