=======================================
OpenSearch Build Hamster says Hello!
  Gradle Version        : 9.4.1
  OS Info               : Mac OS X 26.4.1 (aarch64)
  JDK Version           : 21 (Amazon Corretto JDK 21 (21.0.11+10-LTS))
  JAVA_HOME             : /Library/Java/JavaVirtualMachines/amazon-corretto-21.jdk/Contents/Home
  Random Testing Seed   : B09B3106072A090C
  Crypto Standard       : FIPS-140-3
=======================================
Note: Some input files use or override a deprecated API.
Note: Recompile with -Xlint:deprecation for details.
Note: Some input files use unchecked or unsafe operations.
Note: Recompile with -Xlint:unchecked for details.
OpenJDK 64-Bit Server VM warning: Sharing is only supported for boot loader classes because bootstrap classpath has been appended
OpenJDK 64-Bit Server VM warning: Sharing is only supported for boot loader classes because bootstrap classpath has been appended
OpenJDK 64-Bit Server VM warning: Sharing is only supported for boot loader classes because bootstrap classpath has been appended
OpenJDK 64-Bit Server VM warning: Sharing is only supported for boot loader classes because bootstrap classpath has been appended
OpenJDK 64-Bit Server VM warning: Sharing is only supported for boot loader classes because bootstrap classpath has been appended
OpenJDK 64-Bit Server VM warning: Sharing is only supported for boot loader classes because bootstrap classpath has been appended
OpenJDK 64-Bit Server VM warning: Sharing is only supported for boot loader classes because bootstrap classpath has been appended
OpenJDK 64-Bit Server VM warning: Sharing is only supported for boot loader classes because bootstrap classpath has been appended
OpenJDK 64-Bit Server VM warning: Sharing is only supported for boot loader classes because bootstrap classpath has been appended
OpenJDK 64-Bit Server VM warning: Sharing is only supported for boot loader classes because bootstrap classpath has been appended
OpenJDK 64-Bit Server VM warning: Sharing is only supported for boot loader classes because bootstrap classpath has been appended
OpenJDK 64-Bit Server VM warning: Sharing is only supported for boot loader classes because bootstrap classpath has been appended

5140 tests completed, 1 failed

FAILURE: Build failed with an exception.

* What went wrong:
Execution failed for task ':core:test'.
> There were failing tests. See the report at: file:///Users/daichen/Temp/my-sql-repo-cc/core/build/reports/tests/test/index.html

* Try:
> Run with --scan to get full insights from a Build Scan (powered by Develocity).

BUILD FAILED in 39s
